<?xml version="1.0" encoding="UTF-8"?>
<testng-results skipped="0" failed="0" ignored="0" total="1" passed="1">
  <reporter-output>
  </reporter-output>
  <suite name="Default suite" duration-ms="12444" started-at="2021-01-28T16:04:32 PST" finished-at="2021-01-28T16:04:45 PST">
    <groups>
    </groups>
    <test name="Default test" duration-ms="12444" started-at="2021-01-28T16:04:32 PST" finished-at="2021-01-28T16:04:45 PST">
      <class name="com.tekarch.Demo_JenkinsMaven.SalesforceLogin">
        <test-method status="PASS" signature="initialize()[pri:0, instance:com.tekarch.Demo_JenkinsMaven.SalesforceLogin@4493d195]" name="initialize" is-config="true" duration-ms="3401" started-at="2021-01-28T16:04:32 PST" finished-at="2021-01-28T16:04:36 PST">
          <reporter-output>
          </reporter-output>
        </test-method> <!-- initialize -->
        <test-method status="PASS" signature="loginSalesforce()[pri:0, instance:com.tekarch.Demo_JenkinsMaven.SalesforceLogin@4493d195]" name="loginSalesforce" duration-ms="8972" started-at="2021-01-28T16:04:36 PST" finished-at="2021-01-28T16:04:45 PST">
          <reporter-output>
          </reporter-output>
        </test-method> <!-- loginSalesforce -->
      </class> <!-- com.tekarch.Demo_JenkinsMaven.SalesforceLogin -->
    </test> <!-- Default test -->
  </suite> <!-- Default suite -->
</testng-results>
